<?xml version="1.0" encoding="UTF-8"?>
<testng-results total="1" passed="1" failed="0" skipped="0">
  <reporter-output>
  </reporter-output>
  <suite started-at="2024-02-07T02:54:37Z" name="Default suite" finished-at="2024-02-07T02:55:08Z" duration-ms="30666">
    <groups>
    </groups>
    <test started-at="2024-02-07T02:54:37Z" name="Default test" finished-at="2024-02-07T02:55:08Z" duration-ms="30666">
      <class name="testpackage.LoginAutomationTest">
        <test-method signature="test()[pri:0, instance:testpackage.LoginAutomationTest@63611043]" started-at="2024-02-07T09:54:37Z" name="test" finished-at="2024-02-07T09:55:08Z" duration-ms="30657" status="PASS">
          <reporter-output>
          </reporter-output>
        </test-method> <!-- test -->
      </class> <!-- testpackage.LoginAutomationTest -->
    </test> <!-- Default test -->
  </suite> <!-- Default suite -->
</testng-results>
